2022-11-20 06:27:45,373 INFO  Logger.cs: 70 - 
--------------------------------------------------------------------------------
2022-11-20 06:27:45,426 INFO  Logger.cs: 71 - Logging commencing for SW2URDF exporter
2022-11-20 06:27:45,427 INFO  Logger.cs: 73 - Commit version 1.6.0-4-g7f85cfe
2022-11-20 06:27:45,428 INFO  Logger.cs: 74 - Build version 1.6.7995.38578
2022-11-20 06:27:45,448 INFO  SwAddin.cs: 192 - Attempting to connect to SW
2022-11-20 06:27:45,448 INFO  SwAddin.cs: 197 - Setting up callbacks
2022-11-20 06:27:45,449 INFO  SwAddin.cs: 201 - Setting up command manager
2022-11-20 06:27:45,450 INFO  SwAddin.cs: 204 - Adding command manager
2022-11-20 06:27:45,453 INFO  SwAddin.cs: 263 - Adding Assembly export to file menu
2022-11-20 06:27:45,454 INFO  SwAddin.cs: 272 - Adding Part export to file menu
2022-11-20 06:27:45,454 INFO  SwAddin.cs: 210 - Adding event handlers
2022-11-20 06:27:45,602 INFO  SwAddin.cs: 217 - Connecting plugin to SolidWorks
2022-11-20 06:35:38,298 INFO  SwAddin.cs: 294 - Assembly export called for file 总装.SLDASM
2022-11-20 06:35:48,428 INFO  SwAddin.cs: 294 - Assembly export called for file 总装.SLDASM
2022-11-20 06:35:54,367 INFO  SwAddin.cs: 313 - Saving assembly
2022-11-20 06:35:54,473 INFO  SwAddin.cs: 316 - Opening property manager
2022-11-20 06:35:54,491 INFO  ExportHelperExtension.cs: 1125 - Retrieving features of type [CoordSys] from 总装.SLDASM
2022-11-20 06:35:54,521 INFO  ExportHelperExtension.cs: 1136 - Found 51 in 总装.SLDASM
2022-11-20 06:35:54,522 INFO  ExportHelperExtension.cs: 1145 - Found 0 features of type [CoordSys] in 总装.SLDASM
2022-11-20 06:35:54,522 INFO  ExportHelperExtension.cs: 1148 - Proceeding through assembly components
2022-11-20 06:35:54,523 INFO  ExportHelperExtension.cs: 1160 - 11 components to check
2022-11-20 06:35:54,525 INFO  ExportHelperExtension.cs: 1125 - Retrieving features of type [CoordSys] from 装配R2R3-3
2022-11-20 06:35:54,525 INFO  ExportHelperExtension.cs: 1136 - Found 39 in 装配R2R3-3
2022-11-20 06:35:54,526 INFO  ExportHelperExtension.cs: 1145 - Found 0 features of type [CoordSys] in 装配R2R3-3
2022-11-20 06:35:54,526 INFO  ExportHelperExtension.cs: 1125 - Retrieving features of type [CoordSys] from 装配R2R3-1
2022-11-20 06:35:54,527 INFO  ExportHelperExtension.cs: 1136 - Found 39 in 装配R2R3-1
2022-11-20 06:35:54,527 INFO  ExportHelperExtension.cs: 1145 - Found 0 features of type [CoordSys] in 装配R2R3-1
2022-11-20 06:35:54,528 INFO  ExportHelperExtension.cs: 1125 - Retrieving features of type [CoordSys] from 地基-1
2022-11-20 06:35:54,528 INFO  ExportHelperExtension.cs: 1136 - Found 28 in 地基-1
2022-11-20 06:35:54,529 INFO  ExportHelperExtension.cs: 1145 - Found 0 features of type [CoordSys] in 地基-1
2022-11-20 06:35:54,529 INFO  ExportHelperExtension.cs: 1125 - Retrieving features of type [CoordSys] from 停机坪-1
2022-11-20 06:35:54,530 INFO  ExportHelperExtension.cs: 1136 - Found 33 in 停机坪-1
2022-11-20 06:35:54,530 INFO  ExportHelperExtension.cs: 1145 - Found 0 features of type [CoordSys] in 停机坪-1
2022-11-20 06:35:54,531 INFO  ExportHelperExtension.cs: 1125 - Retrieving features of type [CoordSys] from R4-1
2022-11-20 06:35:54,531 INFO  ExportHelperExtension.cs: 1136 - Found 87 in R4-1
2022-11-20 06:35:54,532 INFO  ExportHelperExtension.cs: 1145 - Found 0 features of type [CoordSys] in R4-1
2022-11-20 06:35:54,532 INFO  ExportHelperExtension.cs: 1125 - Retrieving features of type [CoordSys] from 补给站-1
2022-11-20 06:35:54,533 INFO  ExportHelperExtension.cs: 1136 - Found 62 in 补给站-1
2022-11-20 06:35:54,534 INFO  ExportHelperExtension.cs: 1145 - Found 0 features of type [CoordSys] in 补给站-1
2022-11-20 06:35:54,534 INFO  ExportHelperExtension.cs: 1125 - Retrieving features of type [CoordSys] from 水晶-1
2022-11-20 06:35:54,582 INFO  ExportHelperExtension.cs: 1136 - Found 40 in 水晶-1
2022-11-20 06:35:54,583 INFO  ExportHelperExtension.cs: 1145 - Found 0 features of type [CoordSys] in 水晶-1
2022-11-20 06:35:54,583 INFO  ExportHelperExtension.cs: 1125 - Retrieving features of type [CoordSys] from 补给站-3
2022-11-20 06:35:54,584 INFO  ExportHelperExtension.cs: 1136 - Found 62 in 补给站-3
2022-11-20 06:35:54,584 INFO  ExportHelperExtension.cs: 1145 - Found 0 features of type [CoordSys] in 补给站-3
2022-11-20 06:35:54,584 INFO  ExportHelperExtension.cs: 1125 - Retrieving features of type [CoordSys] from R4-3
2022-11-20 06:35:54,585 INFO  ExportHelperExtension.cs: 1136 - Found 87 in R4-3
2022-11-20 06:35:54,585 INFO  ExportHelperExtension.cs: 1145 - Found 0 features of type [CoordSys] in R4-3
2022-11-20 06:35:54,586 INFO  ExportHelperExtension.cs: 1125 - Retrieving features of type [CoordSys] from 停机坪-3
2022-11-20 06:35:54,586 INFO  ExportHelperExtension.cs: 1136 - Found 33 in 停机坪-3
2022-11-20 06:35:54,586 INFO  ExportHelperExtension.cs: 1145 - Found 0 features of type [CoordSys] in 停机坪-3
2022-11-20 06:35:54,586 INFO  ExportHelperExtension.cs: 1125 - Retrieving features of type [CoordSys] from 水晶-3
2022-11-20 06:35:54,587 INFO  ExportHelperExtension.cs: 1136 - Found 40 in 水晶-3
2022-11-20 06:35:54,587 INFO  ExportHelperExtension.cs: 1145 - Found 0 features of type [CoordSys] in 水晶-3
2022-11-20 06:35:54,587 INFO  ExportHelperExtension.cs: 1125 - Retrieving features of type [RefAxis] from 总装.SLDASM
2022-11-20 06:35:54,588 INFO  ExportHelperExtension.cs: 1136 - Found 51 in 总装.SLDASM
2022-11-20 06:35:54,588 INFO  ExportHelperExtension.cs: 1145 - Found 0 features of type [RefAxis] in 总装.SLDASM
2022-11-20 06:35:54,588 INFO  ExportHelperExtension.cs: 1148 - Proceeding through assembly components
2022-11-20 06:35:54,588 INFO  ExportHelperExtension.cs: 1160 - 11 components to check
2022-11-20 06:35:54,589 INFO  ExportHelperExtension.cs: 1125 - Retrieving features of type [RefAxis] from 装配R2R3-3
2022-11-20 06:35:54,589 INFO  ExportHelperExtension.cs: 1136 - Found 39 in 装配R2R3-3
2022-11-20 06:35:54,589 INFO  ExportHelperExtension.cs: 1145 - Found 0 features of type [RefAxis] in 装配R2R3-3
2022-11-20 06:35:54,590 INFO  ExportHelperExtension.cs: 1125 - Retrieving features of type [RefAxis] from 装配R2R3-1
2022-11-20 06:35:54,590 INFO  ExportHelperExtension.cs: 1136 - Found 39 in 装配R2R3-1
2022-11-20 06:35:54,590 INFO  ExportHelperExtension.cs: 1145 - Found 0 features of type [RefAxis] in 装配R2R3-1
2022-11-20 06:35:54,590 INFO  ExportHelperExtension.cs: 1125 - Retrieving features of type [RefAxis] from 地基-1
2022-11-20 06:35:54,591 INFO  ExportHelperExtension.cs: 1136 - Found 28 in 地基-1
2022-11-20 06:35:54,591 INFO  ExportHelperExtension.cs: 1145 - Found 0 features of type [RefAxis] in 地基-1
2022-11-20 06:35:54,591 INFO  ExportHelperExtension.cs: 1125 - Retrieving features of type [RefAxis] from 停机坪-1
2022-11-20 06:35:54,592 INFO  ExportHelperExtension.cs: 1136 - Found 33 in 停机坪-1
2022-11-20 06:35:54,592 INFO  ExportHelperExtension.cs: 1145 - Found 0 features of type [RefAxis] in 停机坪-1
2022-11-20 06:35:54,592 INFO  ExportHelperExtension.cs: 1125 - Retrieving features of type [RefAxis] from R4-1
2022-11-20 06:35:54,592 INFO  ExportHelperExtension.cs: 1136 - Found 87 in R4-1
2022-11-20 06:35:54,593 INFO  ExportHelperExtension.cs: 1145 - Found 0 features of type [RefAxis] in R4-1
2022-11-20 06:35:54,593 INFO  ExportHelperExtension.cs: 1125 - Retrieving features of type [RefAxis] from 补给站-1
2022-11-20 06:35:54,593 INFO  ExportHelperExtension.cs: 1136 - Found 62 in 补给站-1
2022-11-20 06:35:54,594 INFO  ExportHelperExtension.cs: 1145 - Found 0 features of type [RefAxis] in 补给站-1
2022-11-20 06:35:54,594 INFO  ExportHelperExtension.cs: 1125 - Retrieving features of type [RefAxis] from 水晶-1
2022-11-20 06:35:54,594 INFO  ExportHelperExtension.cs: 1136 - Found 40 in 水晶-1
2022-11-20 06:35:54,595 INFO  ExportHelperExtension.cs: 1145 - Found 0 features of type [RefAxis] in 水晶-1
2022-11-20 06:35:54,595 INFO  ExportHelperExtension.cs: 1125 - Retrieving features of type [RefAxis] from 补给站-3
2022-11-20 06:35:54,595 INFO  ExportHelperExtension.cs: 1136 - Found 62 in 补给站-3
2022-11-20 06:35:54,596 INFO  ExportHelperExtension.cs: 1145 - Found 0 features of type [RefAxis] in 补给站-3
2022-11-20 06:35:54,596 INFO  ExportHelperExtension.cs: 1125 - Retrieving features of type [RefAxis] from R4-3
2022-11-20 06:35:54,596 INFO  ExportHelperExtension.cs: 1136 - Found 87 in R4-3
2022-11-20 06:35:54,597 INFO  ExportHelperExtension.cs: 1145 - Found 0 features of type [RefAxis] in R4-3
2022-11-20 06:35:54,597 INFO  ExportHelperExtension.cs: 1125 - Retrieving features of type [RefAxis] from 停机坪-3
2022-11-20 06:35:54,597 INFO  ExportHelperExtension.cs: 1136 - Found 33 in 停机坪-3
2022-11-20 06:35:54,598 INFO  ExportHelperExtension.cs: 1145 - Found 0 features of type [RefAxis] in 停机坪-3
2022-11-20 06:35:54,598 INFO  ExportHelperExtension.cs: 1125 - Retrieving features of type [RefAxis] from 水晶-3
2022-11-20 06:35:54,598 INFO  ExportHelperExtension.cs: 1136 - Found 40 in 水晶-3
2022-11-20 06:35:54,599 INFO  ExportHelperExtension.cs: 1145 - Found 0 features of type [RefAxis] in 水晶-3
2022-11-20 06:35:54,748 INFO  SwAddin.cs: 339 - Loading config tree
2022-11-20 06:35:54,751 INFO  ExportPropertyManagerExtension.cs: 520 - Starting new configuration
2022-11-20 06:35:54,754 INFO  SwAddin.cs: 344 - Showing property manager
2022-11-20 06:35:59,182 INFO  ExportPropertyManager.cs: 1142 - AfterClose called. This method no longer throws an Exception. It just silently does nothing. Ok, except for this logging message
2022-11-20 06:37:27,319 INFO  SwAddin.cs: 294 - Assembly export called for file 总装.SLDASM
2022-11-20 06:37:27,319 INFO  SwAddin.cs: 299 - Save is required
2022-11-20 06:37:27,319 INFO  SwAddin.cs: 313 - Saving assembly
2022-11-20 06:37:27,518 INFO  SwAddin.cs: 316 - Opening property manager
2022-11-20 06:37:27,519 INFO  ExportHelperExtension.cs: 1125 - Retrieving features of type [CoordSys] from 总装.SLDASM
2022-11-20 06:37:27,520 INFO  ExportHelperExtension.cs: 1136 - Found 54 in 总装.SLDASM
2022-11-20 06:37:27,520 INFO  ExportHelperExtension.cs: 1145 - Found 1 features of type [CoordSys] in 总装.SLDASM
2022-11-20 06:37:27,520 INFO  ExportHelperExtension.cs: 1148 - Proceeding through assembly components
2022-11-20 06:37:27,521 INFO  ExportHelperExtension.cs: 1160 - 11 components to check
2022-11-20 06:37:27,521 INFO  ExportHelperExtension.cs: 1125 - Retrieving features of type [CoordSys] from 装配R2R3-3
2022-11-20 06:37:27,521 INFO  ExportHelperExtension.cs: 1136 - Found 39 in 装配R2R3-3
2022-11-20 06:37:27,522 INFO  ExportHelperExtension.cs: 1145 - Found 0 features of type [CoordSys] in 装配R2R3-3
2022-11-20 06:37:27,522 INFO  ExportHelperExtension.cs: 1125 - Retrieving features of type [CoordSys] from 装配R2R3-1
2022-11-20 06:37:27,522 INFO  ExportHelperExtension.cs: 1136 - Found 39 in 装配R2R3-1
2022-11-20 06:37:27,523 INFO  ExportHelperExtension.cs: 1145 - Found 0 features of type [CoordSys] in 装配R2R3-1
2022-11-20 06:37:27,523 INFO  ExportHelperExtension.cs: 1125 - Retrieving features of type [CoordSys] from 地基-1
2022-11-20 06:37:27,523 INFO  ExportHelperExtension.cs: 1136 - Found 28 in 地基-1
2022-11-20 06:37:27,524 INFO  ExportHelperExtension.cs: 1145 - Found 0 features of type [CoordSys] in 地基-1
2022-11-20 06:37:27,524 INFO  ExportHelperExtension.cs: 1125 - Retrieving features of type [CoordSys] from 停机坪-1
2022-11-20 06:37:27,524 INFO  ExportHelperExtension.cs: 1136 - Found 33 in 停机坪-1
2022-11-20 06:37:27,525 INFO  ExportHelperExtension.cs: 1145 - Found 0 features of type [CoordSys] in 停机坪-1
2022-11-20 06:37:27,525 INFO  ExportHelperExtension.cs: 1125 - Retrieving features of type [CoordSys] from R4-1
2022-11-20 06:37:27,526 INFO  ExportHelperExtension.cs: 1136 - Found 87 in R4-1
2022-11-20 06:37:27,526 INFO  ExportHelperExtension.cs: 1145 - Found 0 features of type [CoordSys] in R4-1
2022-11-20 06:37:27,527 INFO  ExportHelperExtension.cs: 1125 - Retrieving features of type [CoordSys] from 补给站-1
2022-11-20 06:37:27,527 INFO  ExportHelperExtension.cs: 1136 - Found 62 in 补给站-1
2022-11-20 06:37:27,528 INFO  ExportHelperExtension.cs: 1145 - Found 0 features of type [CoordSys] in 补给站-1
2022-11-20 06:37:27,528 INFO  ExportHelperExtension.cs: 1125 - Retrieving features of type [CoordSys] from 水晶-1
2022-11-20 06:37:27,529 INFO  ExportHelperExtension.cs: 1136 - Found 40 in 水晶-1
2022-11-20 06:37:27,529 INFO  ExportHelperExtension.cs: 1145 - Found 0 features of type [CoordSys] in 水晶-1
2022-11-20 06:37:27,530 INFO  ExportHelperExtension.cs: 1125 - Retrieving features of type [CoordSys] from 补给站-3
2022-11-20 06:37:27,530 INFO  ExportHelperExtension.cs: 1136 - Found 62 in 补给站-3
2022-11-20 06:37:27,531 INFO  ExportHelperExtension.cs: 1145 - Found 0 features of type [CoordSys] in 补给站-3
2022-11-20 06:37:27,532 INFO  ExportHelperExtension.cs: 1125 - Retrieving features of type [CoordSys] from R4-3
2022-11-20 06:37:27,532 INFO  ExportHelperExtension.cs: 1136 - Found 87 in R4-3
2022-11-20 06:37:27,533 INFO  ExportHelperExtension.cs: 1145 - Found 0 features of type [CoordSys] in R4-3
2022-11-20 06:37:27,533 INFO  ExportHelperExtension.cs: 1125 - Retrieving features of type [CoordSys] from 停机坪-3
2022-11-20 06:37:27,534 INFO  ExportHelperExtension.cs: 1136 - Found 33 in 停机坪-3
2022-11-20 06:37:27,534 INFO  ExportHelperExtension.cs: 1145 - Found 0 features of type [CoordSys] in 停机坪-3
2022-11-20 06:37:27,534 INFO  ExportHelperExtension.cs: 1125 - Retrieving features of type [CoordSys] from 水晶-3
2022-11-20 06:37:27,535 INFO  ExportHelperExtension.cs: 1136 - Found 40 in 水晶-3
2022-11-20 06:37:27,536 INFO  ExportHelperExtension.cs: 1145 - Found 0 features of type [CoordSys] in 水晶-3
2022-11-20 06:37:27,536 INFO  ExportHelperExtension.cs: 1125 - Retrieving features of type [RefAxis] from 总装.SLDASM
2022-11-20 06:37:27,537 INFO  ExportHelperExtension.cs: 1136 - Found 54 in 总装.SLDASM
2022-11-20 06:37:27,537 INFO  ExportHelperExtension.cs: 1145 - Found 1 features of type [RefAxis] in 总装.SLDASM
2022-11-20 06:37:27,538 INFO  ExportHelperExtension.cs: 1148 - Proceeding through assembly components
2022-11-20 06:37:27,538 INFO  ExportHelperExtension.cs: 1160 - 11 components to check
2022-11-20 06:37:27,539 INFO  ExportHelperExtension.cs: 1125 - Retrieving features of type [RefAxis] from 装配R2R3-3
2022-11-20 06:37:27,539 INFO  ExportHelperExtension.cs: 1136 - Found 39 in 装配R2R3-3
2022-11-20 06:37:27,540 INFO  ExportHelperExtension.cs: 1145 - Found 0 features of type [RefAxis] in 装配R2R3-3
2022-11-20 06:37:27,540 INFO  ExportHelperExtension.cs: 1125 - Retrieving features of type [RefAxis] from 装配R2R3-1
2022-11-20 06:37:27,541 INFO  ExportHelperExtension.cs: 1136 - Found 39 in 装配R2R3-1
2022-11-20 06:37:27,541 INFO  ExportHelperExtension.cs: 1145 - Found 0 features of type [RefAxis] in 装配R2R3-1
2022-11-20 06:37:27,542 INFO  ExportHelperExtension.cs: 1125 - Retrieving features of type [RefAxis] from 地基-1
2022-11-20 06:37:27,542 INFO  ExportHelperExtension.cs: 1136 - Found 28 in 地基-1
2022-11-20 06:37:27,543 INFO  ExportHelperExtension.cs: 1145 - Found 0 features of type [RefAxis] in 地基-1
2022-11-20 06:37:27,544 INFO  ExportHelperExtension.cs: 1125 - Retrieving features of type [RefAxis] from 停机坪-1
2022-11-20 06:37:27,544 INFO  ExportHelperExtension.cs: 1136 - Found 33 in 停机坪-1
2022-11-20 06:37:27,545 INFO  ExportHelperExtension.cs: 1145 - Found 0 features of type [RefAxis] in 停机坪-1
2022-11-20 06:37:27,545 INFO  ExportHelperExtension.cs: 1125 - Retrieving features of type [RefAxis] from R4-1
2022-11-20 06:37:27,546 INFO  ExportHelperExtension.cs: 1136 - Found 87 in R4-1
2022-11-20 06:37:27,547 INFO  ExportHelperExtension.cs: 1145 - Found 0 features of type [RefAxis] in R4-1
2022-11-20 06:37:27,547 INFO  ExportHelperExtension.cs: 1125 - Retrieving features of type [RefAxis] from 补给站-1
2022-11-20 06:37:27,548 INFO  ExportHelperExtension.cs: 1136 - Found 62 in 补给站-1
2022-11-20 06:37:27,549 INFO  ExportHelperExtension.cs: 1145 - Found 0 features of type [RefAxis] in 补给站-1
2022-11-20 06:37:27,549 INFO  ExportHelperExtension.cs: 1125 - Retrieving features of type [RefAxis] from 水晶-1
2022-11-20 06:37:27,550 INFO  ExportHelperExtension.cs: 1136 - Found 40 in 水晶-1
2022-11-20 06:37:27,551 INFO  ExportHelperExtension.cs: 1145 - Found 0 features of type [RefAxis] in 水晶-1
2022-11-20 06:37:27,551 INFO  ExportHelperExtension.cs: 1125 - Retrieving features of type [RefAxis] from 补给站-3
2022-11-20 06:37:27,552 INFO  ExportHelperExtension.cs: 1136 - Found 62 in 补给站-3
2022-11-20 06:37:27,552 INFO  ExportHelperExtension.cs: 1145 - Found 0 features of type [RefAxis] in 补给站-3
2022-11-20 06:37:27,566 INFO  ExportHelperExtension.cs: 1125 - Retrieving features of type [RefAxis] from R4-3
2022-11-20 06:37:27,614 INFO  ExportHelperExtension.cs: 1136 - Found 87 in R4-3
2022-11-20 06:37:27,615 INFO  ExportHelperExtension.cs: 1145 - Found 0 features of type [RefAxis] in R4-3
2022-11-20 06:37:27,615 INFO  ExportHelperExtension.cs: 1125 - Retrieving features of type [RefAxis] from 停机坪-3
2022-11-20 06:37:27,616 INFO  ExportHelperExtension.cs: 1136 - Found 33 in 停机坪-3
2022-11-20 06:37:27,617 INFO  ExportHelperExtension.cs: 1145 - Found 0 features of type [RefAxis] in 停机坪-3
2022-11-20 06:37:27,617 INFO  ExportHelperExtension.cs: 1125 - Retrieving features of type [RefAxis] from 水晶-3
2022-11-20 06:37:27,618 INFO  ExportHelperExtension.cs: 1136 - Found 40 in 水晶-3
2022-11-20 06:37:27,618 INFO  ExportHelperExtension.cs: 1145 - Found 0 features of type [RefAxis] in 水晶-3
2022-11-20 06:37:27,718 INFO  SwAddin.cs: 339 - Loading config tree
2022-11-20 06:37:27,718 INFO  ExportPropertyManagerExtension.cs: 520 - Starting new configuration
2022-11-20 06:37:27,719 INFO  SwAddin.cs: 344 - Showing property manager
2022-11-20 06:37:51,071 INFO  ExportPropertyManager.cs: 1018 - OnComboboxSelectionChanged called. This method no longer throws an Exception. It just silently does nothing. Ok, except for this logging message
2022-11-20 06:37:52,428 INFO  ExportPropertyManager.cs: 422 - Configuration saved
2022-11-20 06:37:52,800 INFO  ExportHelperExtension.cs: 1125 - Retrieving features of type [CoordSys] from 总装.SLDASM
2022-11-20 06:37:52,803 INFO  ExportHelperExtension.cs: 1136 - Found 55 in 总装.SLDASM
2022-11-20 06:37:52,804 INFO  ExportHelperExtension.cs: 1145 - Found 1 features of type [CoordSys] in 总装.SLDASM
2022-11-20 06:37:52,804 INFO  ExportHelperExtension.cs: 1148 - Proceeding through assembly components
2022-11-20 06:37:52,804 INFO  ExportHelperExtension.cs: 1160 - 11 components to check
2022-11-20 06:37:52,805 INFO  ExportHelperExtension.cs: 1125 - Retrieving features of type [CoordSys] from 装配R2R3-3
2022-11-20 06:37:52,805 INFO  ExportHelperExtension.cs: 1136 - Found 39 in 装配R2R3-3
2022-11-20 06:37:52,805 INFO  ExportHelperExtension.cs: 1145 - Found 0 features of type [CoordSys] in 装配R2R3-3
2022-11-20 06:37:52,806 INFO  ExportHelperExtension.cs: 1125 - Retrieving features of type [CoordSys] from 装配R2R3-1
2022-11-20 06:37:52,806 INFO  ExportHelperExtension.cs: 1136 - Found 39 in 装配R2R3-1
2022-11-20 06:37:52,806 INFO  ExportHelperExtension.cs: 1145 - Found 0 features of type [CoordSys] in 装配R2R3-1
2022-11-20 06:37:52,807 INFO  ExportHelperExtension.cs: 1125 - Retrieving features of type [CoordSys] from 地基-1
2022-11-20 06:37:52,807 INFO  ExportHelperExtension.cs: 1136 - Found 28 in 地基-1
2022-11-20 06:37:52,807 INFO  ExportHelperExtension.cs: 1145 - Found 0 features of type [CoordSys] in 地基-1
2022-11-20 06:37:52,808 INFO  ExportHelperExtension.cs: 1125 - Retrieving features of type [CoordSys] from 停机坪-1
2022-11-20 06:37:52,808 INFO  ExportHelperExtension.cs: 1136 - Found 33 in 停机坪-1
2022-11-20 06:37:52,808 INFO  ExportHelperExtension.cs: 1145 - Found 0 features of type [CoordSys] in 停机坪-1
2022-11-20 06:37:52,808 INFO  ExportHelperExtension.cs: 1125 - Retrieving features of type [CoordSys] from R4-1
2022-11-20 06:37:52,809 INFO  ExportHelperExtension.cs: 1136 - Found 87 in R4-1
2022-11-20 06:37:52,809 INFO  ExportHelperExtension.cs: 1145 - Found 0 features of type [CoordSys] in R4-1
2022-11-20 06:37:52,810 INFO  ExportHelperExtension.cs: 1125 - Retrieving features of type [CoordSys] from 补给站-1
2022-11-20 06:37:52,810 INFO  ExportHelperExtension.cs: 1136 - Found 62 in 补给站-1
2022-11-20 06:37:52,810 INFO  ExportHelperExtension.cs: 1145 - Found 0 features of type [CoordSys] in 补给站-1
2022-11-20 06:37:52,811 INFO  ExportHelperExtension.cs: 1125 - Retrieving features of type [CoordSys] from 水晶-1
2022-11-20 06:37:52,811 INFO  ExportHelperExtension.cs: 1136 - Found 40 in 水晶-1
2022-11-20 06:37:52,811 INFO  ExportHelperExtension.cs: 1145 - Found 0 features of type [CoordSys] in 水晶-1
2022-11-20 06:37:52,812 INFO  ExportHelperExtension.cs: 1125 - Retrieving features of type [CoordSys] from 补给站-3
2022-11-20 06:37:52,812 INFO  ExportHelperExtension.cs: 1136 - Found 62 in 补给站-3
2022-11-20 06:37:52,813 INFO  ExportHelperExtension.cs: 1145 - Found 0 features of type [CoordSys] in 补给站-3
2022-11-20 06:37:52,813 INFO  ExportHelperExtension.cs: 1125 - Retrieving features of type [CoordSys] from R4-3
2022-11-20 06:37:52,813 INFO  ExportHelperExtension.cs: 1136 - Found 87 in R4-3
2022-11-20 06:37:52,814 INFO  ExportHelperExtension.cs: 1145 - Found 0 features of type [CoordSys] in R4-3
2022-11-20 06:37:52,814 INFO  ExportHelperExtension.cs: 1125 - Retrieving features of type [CoordSys] from 停机坪-3
2022-11-20 06:37:52,814 INFO  ExportHelperExtension.cs: 1136 - Found 33 in 停机坪-3
2022-11-20 06:37:52,815 INFO  ExportHelperExtension.cs: 1145 - Found 0 features of type [CoordSys] in 停机坪-3
2022-11-20 06:37:52,815 INFO  ExportHelperExtension.cs: 1125 - Retrieving features of type [CoordSys] from 水晶-3
2022-11-20 06:37:52,815 INFO  ExportHelperExtension.cs: 1136 - Found 40 in 水晶-3
2022-11-20 06:37:52,816 INFO  ExportHelperExtension.cs: 1145 - Found 0 features of type [CoordSys] in 水晶-3
2022-11-20 06:37:52,816 INFO  ExportHelperExtension.cs: 1125 - Retrieving features of type [RefAxis] from 总装.SLDASM
2022-11-20 06:37:52,816 INFO  ExportHelperExtension.cs: 1136 - Found 55 in 总装.SLDASM
2022-11-20 06:37:52,817 INFO  ExportHelperExtension.cs: 1145 - Found 1 features of type [RefAxis] in 总装.SLDASM
2022-11-20 06:37:52,817 INFO  ExportHelperExtension.cs: 1148 - Proceeding through assembly components
2022-11-20 06:37:52,817 INFO  ExportHelperExtension.cs: 1160 - 11 components to check
2022-11-20 06:37:52,818 INFO  ExportHelperExtension.cs: 1125 - Retrieving features of type [RefAxis] from 装配R2R3-3
2022-11-20 06:37:52,818 INFO  ExportHelperExtension.cs: 1136 - Found 39 in 装配R2R3-3
2022-11-20 06:37:52,818 INFO  ExportHelperExtension.cs: 1145 - Found 0 features of type [RefAxis] in 装配R2R3-3
2022-11-20 06:37:52,823 INFO  ExportHelperExtension.cs: 1125 - Retrieving features of type [RefAxis] from 装配R2R3-1
2022-11-20 06:37:52,824 INFO  ExportHelperExtension.cs: 1136 - Found 39 in 装配R2R3-1
2022-11-20 06:37:52,824 INFO  ExportHelperExtension.cs: 1145 - Found 0 features of type [RefAxis] in 装配R2R3-1
2022-11-20 06:37:52,824 INFO  ExportHelperExtension.cs: 1125 - Retrieving features of type [RefAxis] from 地基-1
2022-11-20 06:37:52,845 INFO  ExportHelperExtension.cs: 1136 - Found 28 in 地基-1
2022-11-20 06:37:52,846 INFO  ExportHelperExtension.cs: 1145 - Found 0 features of type [RefAxis] in 地基-1
2022-11-20 06:37:52,846 INFO  ExportHelperExtension.cs: 1125 - Retrieving features of type [RefAxis] from 停机坪-1
2022-11-20 06:37:52,847 INFO  ExportHelperExtension.cs: 1136 - Found 33 in 停机坪-1
2022-11-20 06:37:52,847 INFO  ExportHelperExtension.cs: 1145 - Found 0 features of type [RefAxis] in 停机坪-1
2022-11-20 06:37:52,847 INFO  ExportHelperExtension.cs: 1125 - Retrieving features of type [RefAxis] from R4-1
2022-11-20 06:37:52,848 INFO  ExportHelperExtension.cs: 1136 - Found 87 in R4-1
2022-11-20 06:37:52,848 INFO  ExportHelperExtension.cs: 1145 - Found 0 features of type [RefAxis] in R4-1
2022-11-20 06:37:52,848 INFO  ExportHelperExtension.cs: 1125 - Retrieving features of type [RefAxis] from 补给站-1
2022-11-20 06:37:52,849 INFO  ExportHelperExtension.cs: 1136 - Found 62 in 补给站-1
2022-11-20 06:37:52,849 INFO  ExportHelperExtension.cs: 1145 - Found 0 features of type [RefAxis] in 补给站-1
2022-11-20 06:37:52,849 INFO  ExportHelperExtension.cs: 1125 - Retrieving features of type [RefAxis] from 水晶-1
2022-11-20 06:37:52,850 INFO  ExportHelperExtension.cs: 1136 - Found 40 in 水晶-1
2022-11-20 06:37:52,850 INFO  ExportHelperExtension.cs: 1145 - Found 0 features of type [RefAxis] in 水晶-1
2022-11-20 06:37:52,850 INFO  ExportHelperExtension.cs: 1125 - Retrieving features of type [RefAxis] from 补给站-3
2022-11-20 06:37:52,851 INFO  ExportHelperExtension.cs: 1136 - Found 62 in 补给站-3
2022-11-20 06:37:52,851 INFO  ExportHelperExtension.cs: 1145 - Found 0 features of type [RefAxis] in 补给站-3
2022-11-20 06:37:52,851 INFO  ExportHelperExtension.cs: 1125 - Retrieving features of type [RefAxis] from R4-3
2022-11-20 06:37:52,852 INFO  ExportHelperExtension.cs: 1136 - Found 87 in R4-3
2022-11-20 06:37:52,852 INFO  ExportHelperExtension.cs: 1145 - Found 0 features of type [RefAxis] in R4-3
2022-11-20 06:37:52,852 INFO  ExportHelperExtension.cs: 1125 - Retrieving features of type [RefAxis] from 停机坪-3
2022-11-20 06:37:52,853 INFO  ExportHelperExtension.cs: 1136 - Found 33 in 停机坪-3
2022-11-20 06:37:52,853 INFO  ExportHelperExtension.cs: 1145 - Found 0 features of type [RefAxis] in 停机坪-3
2022-11-20 06:37:52,853 INFO  ExportHelperExtension.cs: 1125 - Retrieving features of type [RefAxis] from 水晶-3
2022-11-20 06:37:52,854 INFO  ExportHelperExtension.cs: 1136 - Found 40 in 水晶-3
2022-11-20 06:37:52,854 INFO  ExportHelperExtension.cs: 1145 - Found 0 features of type [RefAxis] in 水晶-3
2022-11-20 06:37:52,889 INFO  ExportPropertyManager.cs: 1142 - AfterClose called. This method no longer throws an Exception. It just silently does nothing. Ok, except for this logging message
2022-11-20 06:38:28,405 INFO  AssemblyExportForm.cs: 253 - Completing URDF export
2022-11-20 06:38:28,409 INFO  ConfigurationSerialization.cs: 276 - URDF Configuration found
<Link z:Id="i1" xmlns="http://schemas.datacontract.org/2004/07/SW2URDF" xmlns:i="http://www.w3.org/2001/XMLSchema-instance" xmlns:z="http://schemas.microsoft.com/2003/10/Serialization/"><Attributes><Attribute z:Id="i2"><AttributeType>name</AttributeType><IsRequired>true</IsRequired><Value i:type="a:string" xmlns:a="http://www.w3.org/2001/XMLSchema">map_link</Value></Attribute></Attributes><ChildElements><URDFElement z:Id="i3" i:type="Inertial"><Attributes/><ChildElements><URDFElement z:Id="i4" i:type="Origin"><Attributes><Attribute z:Id="i5"><AttributeType>xyz</AttributeType><IsRequired>true</IsRequired><Value i:type="a:ArrayOfdouble" xmlns:a="http://schemas.microsoft.com/2003/10/Serialization/Arrays"><a:double>0</a:double><a:double>0</a:double><a:double>0</a:double></Value></Attribute><Attribute z:Id="i6"><AttributeType>rpy</AttributeType><IsRequired>true</IsRequired><Value i:type="a:ArrayOfdouble" xmlns:a="http://schemas.microsoft.com/2003/10/Serialization/Arrays"><a:double>0</a:double><a:double>0</a:double><a:double>0</a:double></Value></Attribute></Attributes><ChildElements/><ElementName>origin</ElementName><required>false</required><RPYAttribute z:Ref="i6"/><XYZAttribute z:Ref="i5"/><isCustomized>false</isCustomized></URDFElement><URDFElement z:Id="i7" i:type="Mass"><Attributes><Attribute z:Id="i8"><AttributeType>value</AttributeType><IsRequired>true</IsRequired><Value i:type="a:double" xmlns:a="http://www.w3.org/2001/XMLSchema">0</Value></Attribute></Attributes><ChildElements/><ElementName>mass</ElementName><required>false</required><ValueAttribute z:Ref="i8"/></URDFElement><URDFElement z:Id="i9" i:type="Inertia"><Attributes><Attribute z:Id="i10"><AttributeType>ixx</AttributeType><IsRequired>true</IsRequired><Value i:type="a:double" xmlns:a="http://www.w3.org/2001/XMLSchema">0</Value></Attribute><Attribute z:Id="i11"><AttributeType>ixy</AttributeType><IsRequired>true</IsRequired><Value i:type="a:double" xmlns:a="http://www.w3.org/2001/XMLSchema">0</Value></Attribute><Attribute z:Id="i12"><AttributeType>ixz</AttributeType><IsRequired>true</IsRequired><Value i:type="a:double" xmlns:a="http://www.w3.org/2001/XMLSchema">0</Value></Attribute><Attribute z:Id="i13"><AttributeType>iyy</AttributeType><IsRequired>true</IsRequired><Value i:type="a:double" xmlns:a="http://www.w3.org/2001/XMLSchema">0</Value></Attribute><Attribute z:Id="i14"><AttributeType>iyz</AttributeType><IsRequired>true</IsRequired><Value i:type="a:double" xmlns:a="http://www.w3.org/2001/XMLSchema">0</Value></Attribute><Attribute z:Id="i15"><AttributeType>izz</AttributeType><IsRequired>true</IsRequired><Value i:type="a:double" xmlns:a="http://www.w3.org/2001/XMLSchema">0</Value></Attribute></Attributes><ChildElements/><ElementName>inertia</ElementName><required>false</required><IxxAttribute z:Ref="i10"/><IxyAttribute z:Ref="i11"/><IxzAttribute z:Ref="i12"/><IyyAttribute z:Ref="i13"/><IyzAttribute z:Ref="i14"/><IzzAttribute z:Ref="i15"/></URDFElement></ChildElements><ElementName>inertial</ElementName><required>false</required><Inertia z:Ref="i9"/><Mass z:Ref="i7"/><Origin z:Ref="i4"/></URDFElement><URDFElement z:Id="i16" i:type="Visual"><Attributes/><ChildElements><URDFElement z:Id="i17" i:type="Origin"><Attributes><Attribute z:Id="i18"><AttributeType>xyz</AttributeType><IsRequired>true</IsRequired><Value i:type="a:ArrayOfdouble" xmlns:a="http://schemas.microsoft.com/2003/10/Serialization/Arrays"><a:double>0</a:double><a:double>0</a:double><a:double>0</a:double></Value></Attribute><Attribute z:Id="i19"><AttributeType>rpy</AttributeType><IsRequired>true</IsRequired><Value i:type="a:ArrayOfdouble" xmlns:a="http://schemas.microsoft.com/2003/10/Serialization/Arrays"><a:double>0</a:double><a:double>0</a:double><a:double>0</a:double></Value></Attribute></Attributes><ChildElements/><ElementName>origin</ElementName><required>false</required><RPYAttribute z:Ref="i19"/><XYZAttribute z:Ref="i18"/><isCustomized>false</isCustomized></URDFElement><URDFElement z:Id="i20" i:type="Geometry"><Attributes/><ChildElements><URDFElement z:Id="i21" i:type="Mesh"><Attributes><Attribute z:Id="i22"><AttributeType>filename</AttributeType><IsRequired>true</IsRequired><Value i:nil="true"/></Attribute></Attributes><ChildElements/><ElementName>mesh</ElementName><required>false</required><FilenameAttribute z:Ref="i22"/></URDFElement></ChildElements><ElementName>geometry</ElementName><required>true</required><Mesh z:Ref="i21"/></URDFElement><URDFElement z:Id="i23" i:type="Material"><Attributes><Attribute z:Id="i24"><AttributeType>name</AttributeType><IsRequired>true</IsRequired><Value i:type="a:string" xmlns:a="http://www.w3.org/2001/XMLSchema"/></Attribute></Attributes><ChildElements><URDFElement z:Id="i25" i:type="Color"><Attributes><Attribute z:Id="i26"><AttributeType>rgba</AttributeType><IsRequired>true</IsRequired><Value i:type="a:ArrayOfdouble" xmlns:a="http://schemas.microsoft.com/2003/10/Serialization/Arrays"><a:double>1</a:double><a:double>1</a:double><a:double>1</a:double><a:double>1</a:double></Value></Attribute></Attributes><ChildElements/><ElementName>color</ElementName><required>false</required><RGBAAttribute z:Ref="i26"/></URDFElement><URDFElement z:Id="i27" i:type="Texture"><Attributes><Attribute z:Id="i28"><AttributeType>filename</AttributeType><IsRequired>true</IsRequired><Value i:nil="true"/></Attribute></Attributes><ChildElements/><ElementName>texture</ElementName><required>false</required><FilenameAttribute z:Ref="i28"/><wFilename/></URDFElement></ChildElements><ElementName>material</ElementName><required>false</required><Color z:Ref="i25"/><NameAttribute z:Ref="i24"/><Texture z:Ref="i27"/></URDFElement></ChildElements><ElementName>visual</ElementName><required>false</required><Geometry z:Ref="i20"/><Material z:Ref="i23"/><Origin z:Ref="i17"/></URDFElement><URDFElement z:Id="i29" i:type="Collision"><Attributes/><ChildElements><URDFElement z:Id="i30" i:type="Origin"><Attributes><Attribute z:Id="i31"><AttributeType>xyz</AttributeType><IsRequired>true</IsRequired><Value i:type="a:ArrayOfdouble" xmlns:a="http://schemas.microsoft.com/2003/10/Serialization/Arrays"><a:double>0</a:double><a:double>0</a:double><a:double>0</a:double></Value></Attribute><Attribute z:Id="i32"><AttributeType>rpy</AttributeType><IsRequired>true</IsRequired><Value i:type="a:ArrayOfdouble" xmlns:a="http://schemas.microsoft.com/2003/10/Serialization/Arrays"><a:double>0</a:double><a:double>0</a:double><a:double>0</a:double></Value></Attribute></Attributes><ChildElements/><ElementName>origin</ElementName><required>false</required><RPYAttribute z:Ref="i32"/><XYZAttribute z:Ref="i31"/><isCustomized>false</isCustomized></URDFElement><URDFElement z:Id="i33" i:type="Geometry"><Attributes/><ChildElements><URDFElement z:Id="i34" i:type="Mesh"><Attributes><Attribute z:Id="i35"><AttributeType>filename</AttributeType><IsRequired>true</IsRequired><Value i:nil="true"/></Attribute></Attributes><ChildElements/><ElementName>mesh</ElementName><required>false</required><FilenameAttribute z:Ref="i35"/></URDFElement></ChildElements><ElementName>geometry</ElementName><required>true</required><Mesh z:Ref="i34"/></URDFElement></ChildElements><ElementName>collision</ElementName><required>false</required><Geometry z:Ref="i33"/><Origin z:Ref="i30"/></URDFElement><URDFElement z:Id="i36" i:type="Joint"><Attributes><Attribute z:Id="i37"><AttributeType>name</AttributeType><IsRequired>true</IsRequired><Value i:type="a:string" xmlns:a="http://www.w3.org/2001/XMLSchema"/></Attribute><Attribute z:Id="i38"><AttributeType>type</AttributeType><IsRequired>true</IsRequired><Value i:type="a:string" xmlns:a="http://www.w3.org/2001/XMLSchema"/></Attribute></Attributes><ChildElements><URDFElement z:Id="i39" i:type="Origin"><Attributes><Attribute z:Id="i40"><AttributeType>xyz</AttributeType><IsRequired>true</IsRequired><Value i:type="a:ArrayOfdouble" xmlns:a="http://schemas.microsoft.com/2003/10/Serialization/Arrays"><a:double>0</a:double><a:double>0</a:double><a:double>0</a:double></Value></Attribute><Attribute z:Id="i41"><AttributeType>rpy</AttributeType><IsRequired>true</IsRequired><Value i:type="a:ArrayOfdouble" xmlns:a="http://schemas.microsoft.com/2003/10/Serialization/Arrays"><a:double>0</a:double><a:double>0</a:double><a:double>0</a:double></Value></Attribute></Attributes><ChildElements/><ElementName>origin</ElementName><required>false</required><RPYAttribute z:Ref="i41"/><XYZAttribute z:Ref="i40"/><isCustomized>false</isCustomized></URDFElement><URDFElement z:Id="i42" i:type="ParentLink"><Attributes><Attribute z:Id="i43"><AttributeType>link</AttributeType><IsRequired>true</IsRequired><Value i:type="a:string" xmlns:a="http://www.w3.org/2001/XMLSchema"/></Attribute></Attributes><ChildElements/><ElementName>parent</ElementName><required>true</required><NameAttribute z:Ref="i43"/></URDFElement><URDFElement z:Id="i44" i:type="ChildLink"><Attributes><Attribute z:Id="i45"><AttributeType>link</AttributeType><IsRequired>true</IsRequired><Value i:type="a:string" xmlns:a="http://www.w3.org/2001/XMLSchema"/></Attribute></Attributes><ChildElements/><ElementName>child</ElementName><required>true</required><NameAttribute z:Ref="i45"/></URDFElement><URDFElement z:Id="i46" i:type="Axis"><Attributes><Attribute z:Id="i47"><AttributeType>xyz</AttributeType><IsRequired>true</IsRequired><Value i:type="a:ArrayOfdouble" xmlns:a="http://schemas.microsoft.com/2003/10/Serialization/Arrays"><a:double>0</a:double><a:double>0</a:double><a:double>0</a:double></Value></Attribute></Attributes><ChildElements/><ElementName>axis</ElementName><required>false</required><XYZAttribute z:Ref="i47"/></URDFElement><URDFElement z:Id="i48" i:type="Limit"><Attributes><Attribute z:Id="i49"><AttributeType>lower</AttributeType><IsRequired>false</IsRequired><Value i:nil="true"/></Attribute><Attribute z:Id="i50"><AttributeType>upper</AttributeType><IsRequired>false</IsRequired><Value i:nil="true"/></Attribute><Attribute z:Id="i51"><AttributeType>effort</AttributeType><IsRequired>true</IsRequired><Value i:nil="true"/></Attribute><Attribute z:Id="i52"><AttributeType>velocity</AttributeType><IsRequired>true</IsRequired><Value i:nil="true"/></Attribute></Attributes><ChildElements/><ElementName>limit</ElementName><required>false</required><EffortAttribute z:Ref="i51"/><LowerAttribute z:Ref="i49"/><UpperAttribute z:Ref="i50"/><VelocityAttribute z:Ref="i52"/></URDFElement><URDFElement z:Id="i53" i:type="Calibration"><Attributes><Attribute z:Id="i54"><AttributeType>rising</AttributeType><IsRequired>false</IsRequired><Value i:nil="true"/></Attribute><Attribute z:Id="i55"><AttributeType>falling</AttributeType><IsRequired>false</IsRequired><Value i:nil="true"/></Attribute></Attributes><ChildElements/><ElementName>calibration</ElementName><required>false</required><FallingAttribute z:Ref="i55"/><RisingAttribute z:Ref="i54"/></URDFElement><URDFElement z:Id="i56" i:type="Dynamics"><Attributes><Attribute z:Id="i57"><AttributeType>damping</AttributeType><IsRequired>false</IsRequired><Value i:nil="true"/></Attribute><Attribute z:Id="i58"><AttributeType>friction</AttributeType><IsRequired>false</IsRequired><Value i:nil="true"/></Attribute></Attributes><ChildElements/><ElementName>dynamics</ElementName><required>false</required><DampingAttribute z:Ref="i57"/><FrictionAttribute z:Ref="i58"/></URDFElement><URDFElement z:Id="i59" i:type="SafetyController"><Attributes><Attribute z:Id="i60"><AttributeType>soft_upper_limit</AttributeType><IsRequired>false</IsRequired><Value i:nil="true"/></Attribute><Attribute z:Id="i61"><AttributeType>soft_lower_limit</AttributeType><IsRequired>false</IsRequired><Value i:nil="true"/></Attribute><Attribute z:Id="i62"><AttributeType>k_position</AttributeType><IsRequired>false</IsRequired><Value i:nil="true"/></Attribute><Attribute z:Id="i63"><AttributeType>k_velocity</AttributeType><IsRequired>true</IsRequired><Value i:nil="true"/></Attribute></Attributes><ChildElements/><ElementName>safety_controller</ElementName><required>false</required><KPositionAttribute z:Ref="i62"/><KVelocityAttribute z:Ref="i63"/><SoftLowerAttribute z:Ref="i61"/><SoftUpperAttribute z:Ref="i60"/></URDFElement><URDFElement z:Id="i64" i:type="Mimic"><Attributes><Attribute z:Id="i65"><AttributeType>joint</AttributeType><IsRequired>true</IsRequired><Value i:nil="true"/></Attribute><Attribute z:Id="i66"><AttributeType>multiplier</AttributeType><IsRequired>false</IsRequired><Value i:nil="true"/></Attribute><Attribute z:Id="i67"><AttributeType>offset</AttributeType><IsRequired>false</IsRequired><Value i:nil="true"/></Attribute></Attributes><ChildElements/><ElementName>mimic</ElementName><required>false</required><JointNameAttribute z:Ref="i65"/><MultiplierAttribute z:Ref="i66"/><OffsetAttribute z:Ref="i67"/></URDFElement></ChildElements><ElementName>joint</ElementName><required>false</required><Axis z:Ref="i46"/><AxisName/><Calibration z:Ref="i53"/><Child z:Ref="i44"/><CoordinateSystemName>?????????1</CoordinateSystemName><Dynamics z:Ref="i56"/><Limit z:Ref="i48"/><Mimic z:Ref="i64"/><NameAttribute z:Ref="i37"/><Origin z:Ref="i39"/><Parent z:Ref="i42"/><Safety z:Ref="i59"/><TypeAttribute z:Ref="i38"/></URDFElement></ChildElements><ElementName>link</ElementName><required>true</required><Children/><Collision z:Ref="i29"/><Inertial z:Ref="i3"/><Joint z:Ref="i36"/><NameAttribute z:Ref="i2"/><Parent i:nil="true"/><STLQualityFine>false</STLQualityFine><SWComponentPIDs xmlns:a="http://schemas.microsoft.com/2003/10/Serialization/Arrays"><a:base64Binary>sDYAAAUAAAD//v8HNGx2Zi0AMwBAADtgxYgEAAAAEAAAAAEAAAABAAAAUQAAAA==</a:base64Binary><a:base64Binary>sDYAAAUAAAD//v8IXFA6Z2pXLQAzAEAAO2DFiAQAAAAQAAAAAQAAAAEAAABUAAAA</a:base64Binary><a:base64Binary>sDYAAAUAAAD//v8HUgA0AC0AMwBAADtgxYgEAAAAEAAAAAEAAAABAAAAUwAAAA==</a:base64Binary><a:base64Binary>sDYAAAUAAAD//v8IZYjZftl6LQAzAEAAO2DFiAQAAAAQAAAAAQAAAAEAAABSAAAA</a:base64Binary><a:base64Binary>sDYAAAUAAAD//v8HNGx2Zi0AMQBAADtgxYgEAAAAEAAAAAEAAAABAAAANwAAAA==</a:base64Binary><a:base64Binary>sDYAAAUAAAD//v8IZYjZftl6LQAxAEAAO2DFiAQAAAAQAAAAAQAAAAEAAAAuAAAA</a:base64Binary><a:base64Binary>sDYAAAUAAAD//v8HUgA0AC0AMQBAADtgxYgEAAAAEAAAAAEAAAABAAAAJQAAAA==</a:base64Binary><a:base64Binary>sDYAAAUAAAD//v8IXFA6Z2pXLQAxAEAAO2DFiAQAAAAQAAAAAQAAAAEAAAAgAAAA</a:base64Binary><a:base64Binary>sDYAAAUAAAD//v8HMFf6Vy0AMQBAADtgxYgEAAAAEAAAAAEAAAABAAAAGQAAAA==</a:base64Binary><a:base64Binary>sDYAAAUAAAD//v8LxYhNkVIAMgBSADMALQAxAEAAO2DFiAQAAAAQAAAAAQAAAAEAAAAaAAAA</a:base64Binary><a:base64Binary>sDYAAAUAAAD//v8LxYhNkVIAMgBSADMALQAzAEAAO2DFiAQAAAAQAAAAAQAAAAEAAABQAAAA</a:base64Binary></SWComponentPIDs><SWMainComponentPID i:nil="true"/><Visual z:Ref="i16"/><isFixedFrame>false</isFixedFrame><isIncomplete>false</isIncomplete></Link>
2022-11-20 06:38:45,486 INFO  AssemblyExportForm.cs: 309 - Saving URDF package to I:\2023场地\场地1.1\总装
2022-11-20 06:38:45,488 INFO  ExportHelper.cs: 147 - Beginning the export process
2022-11-20 06:38:45,489 INFO  ExportHelper.cs: 153 - Creating package directories with name 总装 and save path I:\2023场地\场地1.1
2022-11-20 06:38:47,037 INFO  ExportHelper.cs: 162 - Creating CMakeLists.txt at I:\2023场地\场地1.1\总装\CMakeLists.txt
2022-11-20 06:38:47,037 INFO  ExportHelper.cs: 166 - Creating joint names config at I:\2023场地\场地1.1\总装\config\joint_names_总装.yaml
2022-11-20 06:38:47,038 INFO  ExportHelper.cs: 170 - Creating package.xml at I:\2023场地\场地1.1\总装\package.xml
2022-11-20 06:38:47,039 INFO  PackageXMLWriter.cs: 21 - Creating package.xml at I:\2023场地\场地1.1\总装\package.xml
2022-11-20 06:38:47,083 INFO  ExportHelper.cs: 177 - Creating RVIZ launch file in I:\2023场地\场地1.1\总装\launch\
2022-11-20 06:38:47,085 INFO  ExportHelper.cs: 182 - Creating Gazebo launch file in I:\2023场地\场地1.1\总装\launch\
2022-11-20 06:38:47,086 INFO  ExportHelper.cs: 187 - Saving existing STL preferences
2022-11-20 06:38:47,087 INFO  ExportHelper.cs: 450 - Saving users preferences
2022-11-20 06:38:47,088 INFO  ExportHelper.cs: 190 - Modifying STL preferences
2022-11-20 06:38:47,088 INFO  ExportHelper.cs: 464 - Setting STL preferences
2022-11-20 06:38:47,173 INFO  ExportHelper.cs: 196 - Found 0 hidden components 
2022-11-20 06:38:47,174 INFO  ExportHelper.cs: 197 - Hiding all components
2022-11-20 06:38:47,575 INFO  ExportHelper.cs: 204 - Beginning individual files export
2022-11-20 06:38:47,601 INFO  ExportHelper.cs: 270 - Exporting link: map_link
2022-11-20 06:38:47,602 INFO  ExportHelper.cs: 272 - Link map_link has 0 children
2022-11-20 06:38:47,603 INFO  ExportHelper.cs: 317 - map_link: Exporting STL with coordinate frame 坐标系1
2022-11-20 06:38:47,603 INFO  ExportHelper.cs: 322 - map_link: Reference geometry name 
2022-11-20 06:38:48,016 INFO  ExportHelper.cs: 330 - Saving STL to I:\2023场地\场地1.1\总装\meshes\map_link.STL
2022-11-20 06:38:48,639 INFO  ExportHelper.cs: 405 - Removing SW header in STL file
2022-11-20 06:38:48,639 INFO  ExportHelper.cs: 145 - Showing all components except previously hidden components
2022-11-20 06:38:49,795 INFO  ExportHelper.cs: 145 - Resetting STL preferences
2022-11-20 06:38:49,795 INFO  ExportHelper.cs: 478 - Returning STL preferences to user preferences
2022-11-20 06:38:49,796 INFO  ExportHelper.cs: 228 - Writing URDF file to I:\2023场地\场地1.1\总装\urdf\总装.urdf
2022-11-20 06:38:49,864 INFO  CSVImportExport.cs: 32 - Writing CSV file I:\2023场地\场地1.1\总装\urdf\总装.csv
2022-11-20 06:38:49,884 ERROR CSVImportExport.cs: 130 - The following columns were not written to the CSV: Link.Joint.ChildLink.link,
2022-11-20 06:38:49,884 INFO  ExportHelper.cs: 234 - Copying log file
2022-11-20 06:38:49,887 INFO  ExportHelper.cs: 439 - Copying C:\Users\20826\sw2urdf_logs\sw2urdf.log to I:\2023场地\场地1.1\总装\export.log
